12:01:11.650 [main] ERROR jdbc.audit - 1. Statement.execute( /*==============================================================*/ /* DBMS name:      ORACLE Version 11g                           */ /* Created on:     2013/12/16 11:55:22                          */ /*==============================================================*/   alter table ACC_USER drop constraint FK_ACC_USER_REFERENCE_ACCT_ROL)  /*==============================================================*/ /* DBMS name:      ORACLE Version 11g                           */ /* Created on:     2013/12/16 11:55:22                          */ /*==============================================================*/   alter table ACC_USER drop constraint FK_ACC_USER_REFERENCE_ACCT_ROL
java.sql.SQLException: ORA-02443: 无法删除约束条件 - 不存在的约束条件

	at oracle.jdbc.driver.DatabaseError.throwSqlException(DatabaseError.java:112) ~[ojdbc14-10.3.0.0.jar:Oracle JDBC Driver version - "10.2.0.1.0"]
	at oracle.jdbc.driver.T4CTTIoer.processError(T4CTTIoer.java:331) ~[ojdbc14-10.3.0.0.jar:Oracle JDBC Driver version - "10.2.0.1.0"]
	at oracle.jdbc.driver.T4CTTIoer.processError(T4CTTIoer.java:288) ~[ojdbc14-10.3.0.0.jar:Oracle JDBC Driver version - "10.2.0.1.0"]
	at oracle.jdbc.driver.T4C8Oall.receive(T4C8Oall.java:743) ~[ojdbc14-10.3.0.0.jar:Oracle JDBC Driver version - "10.2.0.1.0"]
	at oracle.jdbc.driver.T4CStatement.doOall8(T4CStatement.java:207) ~[ojdbc14-10.3.0.0.jar:Oracle JDBC Driver version - "10.2.0.1.0"]
	at oracle.jdbc.driver.T4CStatement.executeForRows(T4CStatement.java:946) ~[ojdbc14-10.3.0.0.jar:Oracle JDBC Driver version - "10.2.0.1.0"]
	at oracle.jdbc.driver.OracleStatement.doExecuteWithTimeout(OracleStatement.java:1160) ~[ojdbc14-10.3.0.0.jar:Oracle JDBC Driver version - "10.2.0.1.0"]
	at oracle.jdbc.driver.OracleStatement.executeInternal(OracleStatement.java:1679) ~[ojdbc14-10.3.0.0.jar:Oracle JDBC Driver version - "10.2.0.1.0"]
	at oracle.jdbc.driver.OracleStatement.execute(OracleStatement.java:1645) ~[ojdbc14-10.3.0.0.jar:Oracle JDBC Driver version - "10.2.0.1.0"]
	at net.sf.log4jdbc.StatementSpy.execute(StatementSpy.java:839) ~[log4jdbc-remix-0.2.7.jar:na]
	at org.apache.tools.ant.taskdefs.SQLExec.execSQL(SQLExec.java:775) [ant-1.8.2.jar:na]
	at org.apache.tools.ant.taskdefs.SQLExec.runStatements(SQLExec.java:745) [ant-1.8.2.jar:na]
	at org.apache.tools.ant.taskdefs.SQLExec$Transaction.runTransaction(SQLExec.java:1055) [ant-1.8.2.jar:na]
	at org.apache.tools.ant.taskdefs.SQLExec$Transaction.access$000(SQLExec.java:985) [ant-1.8.2.jar:na]
	at org.apache.tools.ant.taskdefs.SQLExec.execute(SQLExec.java:653) [ant-1.8.2.jar:na]
	at org.apache.tools.ant.UnknownElement.execute(UnknownElement.java:291) [ant-1.8.2.jar:1.8.2]
	at sun.reflect.NativeMethodAccessorImpl.invoke0(Native Method) ~[na:1.6.0_29]
	at sun.reflect.NativeMethodAccessorImpl.invoke(NativeMethodAccessorImpl.java:39) ~[na:1.6.0_29]
	at sun.reflect.DelegatingMethodAccessorImpl.invoke(DelegatingMethodAccessorImpl.java:25) ~[na:1.6.0_29]
	at java.lang.reflect.Method.invoke(Method.java:597) ~[na:1.6.0_29]
	at org.apache.tools.ant.dispatch.DispatchUtils.execute(DispatchUtils.java:106) [ant-1.8.2.jar:na]
	at org.apache.tools.ant.Task.perform(Task.java:348) [ant-1.8.2.jar:1.8.2]
	at org.apache.tools.ant.Target.execute(Target.java:390) [ant-1.8.2.jar:1.8.2]
	at org.apache.tools.ant.Target.performTasks(Target.java:411) [ant-1.8.2.jar:1.8.2]
	at org.apache.tools.ant.Project.executeSortedTargets(Project.java:1399) [ant-1.8.2.jar:1.8.2]
	at org.apache.tools.ant.Project.executeTarget(Project.java:1368) [ant-1.8.2.jar:1.8.2]
	at org.apache.maven.plugin.antrun.AntRunMojo.execute(AntRunMojo.java:327) [maven-antrun-plugin-1.7.jar:1.7]
	at org.apache.maven.plugin.DefaultBuildPluginManager.executeMojo(DefaultBuildPluginManager.java:101) [maven-core-3.0.3.jar:3.0.3]
	at org.apache.maven.lifecycle.internal.MojoExecutor.execute(MojoExecutor.java:209) [maven-core-3.0.3.jar:3.0.3]
	at org.apache.maven.lifecycle.internal.MojoExecutor.execute(MojoExecutor.java:153) [maven-core-3.0.3.jar:3.0.3]
	at org.apache.maven.lifecycle.internal.MojoExecutor.execute(MojoExecutor.java:145) [maven-core-3.0.3.jar:3.0.3]
	at org.apache.maven.lifecycle.internal.LifecycleModuleBuilder.buildProject(LifecycleModuleBuilder.java:84) [maven-core-3.0.3.jar:3.0.3]
	at org.apache.maven.lifecycle.internal.LifecycleModuleBuilder.buildProject(LifecycleModuleBuilder.java:59) [maven-core-3.0.3.jar:3.0.3]
	at org.apache.maven.lifecycle.internal.LifecycleStarter.singleThreadedBuild(LifecycleStarter.java:183) [maven-core-3.0.3.jar:3.0.3]
	at org.apache.maven.lifecycle.internal.LifecycleStarter.execute(LifecycleStarter.java:161) [maven-core-3.0.3.jar:3.0.3]
	at org.apache.maven.DefaultMaven.doExecute(DefaultMaven.java:319) [maven-core-3.0.3.jar:3.0.3]
	at org.apache.maven.DefaultMaven.execute(DefaultMaven.java:156) [maven-core-3.0.3.jar:3.0.3]
	at org.apache.maven.cli.MavenCli.execute(MavenCli.java:537) [maven-embedder-3.0.3.jar:3.0.3]
	at org.apache.maven.cli.MavenCli.doMain(MavenCli.java:196) [maven-embedder-3.0.3.jar:3.0.3]
	at org.apache.maven.cli.MavenCli.main(MavenCli.java:141) [maven-embedder-3.0.3.jar:3.0.3]
	at sun.reflect.NativeMethodAccessorImpl.invoke0(Native Method) ~[na:1.6.0_29]
	at sun.reflect.NativeMethodAccessorImpl.invoke(NativeMethodAccessorImpl.java:39) ~[na:1.6.0_29]
	at sun.reflect.DelegatingMethodAccessorImpl.invoke(DelegatingMethodAccessorImpl.java:25) ~[na:1.6.0_29]
	at java.lang.reflect.Method.invoke(Method.java:597) ~[na:1.6.0_29]
	at org.codehaus.plexus.classworlds.launcher.Launcher.launchEnhanced(Launcher.java:290) [plexus-classworlds-2.4.jar:na]
	at org.codehaus.plexus.classworlds.launcher.Launcher.launch(Launcher.java:230) [plexus-classworlds-2.4.jar:na]
	at org.codehaus.plexus.classworlds.launcher.Launcher.mainWithExitCode(Launcher.java:409) [plexus-classworlds-2.4.jar:na]
	at org.codehaus.plexus.classworlds.launcher.Launcher.main(Launcher.java:352) [plexus-classworlds-2.4.jar:na]
12:01:11.667 [main] ERROR jdbc.sqlonly - 1. Statement.execute( /*==============================================================*/ /* DBMS name:      ORACLE Version 11g                           */ /* Created on:     2013/12/16 11:55:22                          */ /*==============================================================*/   alter table ACC_USER drop constraint FK_ACC_USER_REFERENCE_ACCT_ROL)  /*==============================================================*/ /* DBMS name:      ORACLE Version 11g                           */ /* Created on:     2013/12/16 11:55:22                          */ /*==============================================================*/   alter table ACC_USER drop constraint FK_ACC_USER_REFERENCE_ACCT_ROL
java.sql.SQLException: ORA-02443: 无法删除约束条件 - 不存在的约束条件

	at oracle.jdbc.driver.DatabaseError.throwSqlException(DatabaseError.java:112) ~[ojdbc14-10.3.0.0.jar:Oracle JDBC Driver version - "10.2.0.1.0"]
	at oracle.jdbc.driver.T4CTTIoer.processError(T4CTTIoer.java:331) ~[ojdbc14-10.3.0.0.jar:Oracle JDBC Driver version - "10.2.0.1.0"]
	at oracle.jdbc.driver.T4CTTIoer.processError(T4CTTIoer.java:288) ~[ojdbc14-10.3.0.0.jar:Oracle JDBC Driver version - "10.2.0.1.0"]
	at oracle.jdbc.driver.T4C8Oall.receive(T4C8Oall.java:743) ~[ojdbc14-10.3.0.0.jar:Oracle JDBC Driver version - "10.2.0.1.0"]
	at oracle.jdbc.driver.T4CStatement.doOall8(T4CStatement.java:207) ~[ojdbc14-10.3.0.0.jar:Oracle JDBC Driver version - "10.2.0.1.0"]
	at oracle.jdbc.driver.T4CStatement.executeForRows(T4CStatement.java:946) ~[ojdbc14-10.3.0.0.jar:Oracle JDBC Driver version - "10.2.0.1.0"]
	at oracle.jdbc.driver.OracleStatement.doExecuteWithTimeout(OracleStatement.java:1160) ~[ojdbc14-10.3.0.0.jar:Oracle JDBC Driver version - "10.2.0.1.0"]
	at oracle.jdbc.driver.OracleStatement.executeInternal(OracleStatement.java:1679) ~[ojdbc14-10.3.0.0.jar:Oracle JDBC Driver version - "10.2.0.1.0"]
	at oracle.jdbc.driver.OracleStatement.execute(OracleStatement.java:1645) ~[ojdbc14-10.3.0.0.jar:Oracle JDBC Driver version - "10.2.0.1.0"]
	at net.sf.log4jdbc.StatementSpy.execute(StatementSpy.java:839) ~[log4jdbc-remix-0.2.7.jar:na]
	at org.apache.tools.ant.taskdefs.SQLExec.execSQL(SQLExec.java:775) [ant-1.8.2.jar:na]
	at org.apache.tools.ant.taskdefs.SQLExec.runStatements(SQLExec.java:745) [ant-1.8.2.jar:na]
	at org.apache.tools.ant.taskdefs.SQLExec$Transaction.runTransaction(SQLExec.java:1055) [ant-1.8.2.jar:na]
	at org.apache.tools.ant.taskdefs.SQLExec$Transaction.access$000(SQLExec.java:985) [ant-1.8.2.jar:na]
	at org.apache.tools.ant.taskdefs.SQLExec.execute(SQLExec.java:653) [ant-1.8.2.jar:na]
	at org.apache.tools.ant.UnknownElement.execute(UnknownElement.java:291) [ant-1.8.2.jar:1.8.2]
	at sun.reflect.NativeMethodAccessorImpl.invoke0(Native Method) ~[na:1.6.0_29]
	at sun.reflect.NativeMethodAccessorImpl.invoke(NativeMethodAccessorImpl.java:39) ~[na:1.6.0_29]
	at sun.reflect.DelegatingMethodAccessorImpl.invoke(DelegatingMethodAccessorImpl.java:25) ~[na:1.6.0_29]
	at java.lang.reflect.Method.invoke(Method.java:597) ~[na:1.6.0_29]
	at org.apache.tools.ant.dispatch.DispatchUtils.execute(DispatchUtils.java:106) [ant-1.8.2.jar:na]
	at org.apache.tools.ant.Task.perform(Task.java:348) [ant-1.8.2.jar:1.8.2]
	at org.apache.tools.ant.Target.execute(Target.java:390) [ant-1.8.2.jar:1.8.2]
	at org.apache.tools.ant.Target.performTasks(Target.java:411) [ant-1.8.2.jar:1.8.2]
	at org.apache.tools.ant.Project.executeSortedTargets(Project.java:1399) [ant-1.8.2.jar:1.8.2]
	at org.apache.tools.ant.Project.executeTarget(Project.java:1368) [ant-1.8.2.jar:1.8.2]
	at org.apache.maven.plugin.antrun.AntRunMojo.execute(AntRunMojo.java:327) [maven-antrun-plugin-1.7.jar:1.7]
	at org.apache.maven.plugin.DefaultBuildPluginManager.executeMojo(DefaultBuildPluginManager.java:101) [maven-core-3.0.3.jar:3.0.3]
	at org.apache.maven.lifecycle.internal.MojoExecutor.execute(MojoExecutor.java:209) [maven-core-3.0.3.jar:3.0.3]
	at org.apache.maven.lifecycle.internal.MojoExecutor.execute(MojoExecutor.java:153) [maven-core-3.0.3.jar:3.0.3]
	at org.apache.maven.lifecycle.internal.MojoExecutor.execute(MojoExecutor.java:145) [maven-core-3.0.3.jar:3.0.3]
	at org.apache.maven.lifecycle.internal.LifecycleModuleBuilder.buildProject(LifecycleModuleBuilder.java:84) [maven-core-3.0.3.jar:3.0.3]
	at org.apache.maven.lifecycle.internal.LifecycleModuleBuilder.buildProject(LifecycleModuleBuilder.java:59) [maven-core-3.0.3.jar:3.0.3]
	at org.apache.maven.lifecycle.internal.LifecycleStarter.singleThreadedBuild(LifecycleStarter.java:183) [maven-core-3.0.3.jar:3.0.3]
	at org.apache.maven.lifecycle.internal.LifecycleStarter.execute(LifecycleStarter.java:161) [maven-core-3.0.3.jar:3.0.3]
	at org.apache.maven.DefaultMaven.doExecute(DefaultMaven.java:319) [maven-core-3.0.3.jar:3.0.3]
	at org.apache.maven.DefaultMaven.execute(DefaultMaven.java:156) [maven-core-3.0.3.jar:3.0.3]
	at org.apache.maven.cli.MavenCli.execute(MavenCli.java:537) [maven-embedder-3.0.3.jar:3.0.3]
	at org.apache.maven.cli.MavenCli.doMain(MavenCli.java:196) [maven-embedder-3.0.3.jar:3.0.3]
	at org.apache.maven.cli.MavenCli.main(MavenCli.java:141) [maven-embedder-3.0.3.jar:3.0.3]
	at sun.reflect.NativeMethodAccessorImpl.invoke0(Native Method) ~[na:1.6.0_29]
	at sun.reflect.NativeMethodAccessorImpl.invoke(NativeMethodAccessorImpl.java:39) ~[na:1.6.0_29]
	at sun.reflect.DelegatingMethodAccessorImpl.invoke(DelegatingMethodAccessorImpl.java:25) ~[na:1.6.0_29]
	at java.lang.reflect.Method.invoke(Method.java:597) ~[na:1.6.0_29]
	at org.codehaus.plexus.classworlds.launcher.Launcher.launchEnhanced(Launcher.java:290) [plexus-classworlds-2.4.jar:na]
	at org.codehaus.plexus.classworlds.launcher.Launcher.launch(Launcher.java:230) [plexus-classworlds-2.4.jar:na]
	at org.codehaus.plexus.classworlds.launcher.Launcher.mainWithExitCode(Launcher.java:409) [plexus-classworlds-2.4.jar:na]
	at org.codehaus.plexus.classworlds.launcher.Launcher.main(Launcher.java:352) [plexus-classworlds-2.4.jar:na]
12:01:11.676 [main] ERROR jdbc.sqltiming - 1. Statement.execute( /*==============================================================*/ /* DBMS name:      ORACLE Version 11g                           */ /* Created on:     2013/12/16 11:55:22                          */ /*==============================================================*/   alter table ACC_USER drop constraint FK_ACC_USER_REFERENCE_ACCT_ROL) FAILED!  /*==============================================================*/ /* DBMS name:      ORACLE Version 11g                           */ /* Created on:     2013/12/16 11:55:22                          */ /*==============================================================*/   alter table ACC_USER drop constraint FK_ACC_USER_REFERENCE_ACCT_ROL {FAILED after 167 msec}
java.sql.SQLException: ORA-02443: 无法删除约束条件 - 不存在的约束条件

	at oracle.jdbc.driver.DatabaseError.throwSqlException(DatabaseError.java:112) ~[ojdbc14-10.3.0.0.jar:Oracle JDBC Driver version - "10.2.0.1.0"]
	at oracle.jdbc.driver.T4CTTIoer.processError(T4CTTIoer.java:331) ~[ojdbc14-10.3.0.0.jar:Oracle JDBC Driver version - "10.2.0.1.0"]
	at oracle.jdbc.driver.T4CTTIoer.processError(T4CTTIoer.java:288) ~[ojdbc14-10.3.0.0.jar:Oracle JDBC Driver version - "10.2.0.1.0"]
	at oracle.jdbc.driver.T4C8Oall.receive(T4C8Oall.java:743) ~[ojdbc14-10.3.0.0.jar:Oracle JDBC Driver version - "10.2.0.1.0"]
	at oracle.jdbc.driver.T4CStatement.doOall8(T4CStatement.java:207) ~[ojdbc14-10.3.0.0.jar:Oracle JDBC Driver version - "10.2.0.1.0"]
	at oracle.jdbc.driver.T4CStatement.executeForRows(T4CStatement.java:946) ~[ojdbc14-10.3.0.0.jar:Oracle JDBC Driver version - "10.2.0.1.0"]
	at oracle.jdbc.driver.OracleStatement.doExecuteWithTimeout(OracleStatement.java:1160) ~[ojdbc14-10.3.0.0.jar:Oracle JDBC Driver version - "10.2.0.1.0"]
	at oracle.jdbc.driver.OracleStatement.executeInternal(OracleStatement.java:1679) ~[ojdbc14-10.3.0.0.jar:Oracle JDBC Driver version - "10.2.0.1.0"]
	at oracle.jdbc.driver.OracleStatement.execute(OracleStatement.java:1645) ~[ojdbc14-10.3.0.0.jar:Oracle JDBC Driver version - "10.2.0.1.0"]
	at net.sf.log4jdbc.StatementSpy.execute(StatementSpy.java:839) ~[log4jdbc-remix-0.2.7.jar:na]
	at org.apache.tools.ant.taskdefs.SQLExec.execSQL(SQLExec.java:775) [ant-1.8.2.jar:na]
	at org.apache.tools.ant.taskdefs.SQLExec.runStatements(SQLExec.java:745) [ant-1.8.2.jar:na]
	at org.apache.tools.ant.taskdefs.SQLExec$Transaction.runTransaction(SQLExec.java:1055) [ant-1.8.2.jar:na]
	at org.apache.tools.ant.taskdefs.SQLExec$Transaction.access$000(SQLExec.java:985) [ant-1.8.2.jar:na]
	at org.apache.tools.ant.taskdefs.SQLExec.execute(SQLExec.java:653) [ant-1.8.2.jar:na]
	at org.apache.tools.ant.UnknownElement.execute(UnknownElement.java:291) [ant-1.8.2.jar:1.8.2]
	at sun.reflect.NativeMethodAccessorImpl.invoke0(Native Method) ~[na:1.6.0_29]
	at sun.reflect.NativeMethodAccessorImpl.invoke(NativeMethodAccessorImpl.java:39) ~[na:1.6.0_29]
	at sun.reflect.DelegatingMethodAccessorImpl.invoke(DelegatingMethodAccessorImpl.java:25) ~[na:1.6.0_29]
	at java.lang.reflect.Method.invoke(Method.java:597) ~[na:1.6.0_29]
	at org.apache.tools.ant.dispatch.DispatchUtils.execute(DispatchUtils.java:106) [ant-1.8.2.jar:na]
	at org.apache.tools.ant.Task.perform(Task.java:348) [ant-1.8.2.jar:1.8.2]
	at org.apache.tools.ant.Target.execute(Target.java:390) [ant-1.8.2.jar:1.8.2]
	at org.apache.tools.ant.Target.performTasks(Target.java:411) [ant-1.8.2.jar:1.8.2]
	at org.apache.tools.ant.Project.executeSortedTargets(Project.java:1399) [ant-1.8.2.jar:1.8.2]
	at org.apache.tools.ant.Project.executeTarget(Project.java:1368) [ant-1.8.2.jar:1.8.2]
	at org.apache.maven.plugin.antrun.AntRunMojo.execute(AntRunMojo.java:327) [maven-antrun-plugin-1.7.jar:1.7]
	at org.apache.maven.plugin.DefaultBuildPluginManager.executeMojo(DefaultBuildPluginManager.java:101) [maven-core-3.0.3.jar:3.0.3]
	at org.apache.maven.lifecycle.internal.MojoExecutor.execute(MojoExecutor.java:209) [maven-core-3.0.3.jar:3.0.3]
	at org.apache.maven.lifecycle.internal.MojoExecutor.execute(MojoExecutor.java:153) [maven-core-3.0.3.jar:3.0.3]
	at org.apache.maven.lifecycle.internal.MojoExecutor.execute(MojoExecutor.java:145) [maven-core-3.0.3.jar:3.0.3]
	at org.apache.maven.lifecycle.internal.LifecycleModuleBuilder.buildProject(LifecycleModuleBuilder.java:84) [maven-core-3.0.3.jar:3.0.3]
	at org.apache.maven.lifecycle.internal.LifecycleModuleBuilder.buildProject(LifecycleModuleBuilder.java:59) [maven-core-3.0.3.jar:3.0.3]
	at org.apache.maven.lifecycle.internal.LifecycleStarter.singleThreadedBuild(LifecycleStarter.java:183) [maven-core-3.0.3.jar:3.0.3]
	at org.apache.maven.lifecycle.internal.LifecycleStarter.execute(LifecycleStarter.java:161) [maven-core-3.0.3.jar:3.0.3]
	at org.apache.maven.DefaultMaven.doExecute(DefaultMaven.java:319) [maven-core-3.0.3.jar:3.0.3]
	at org.apache.maven.DefaultMaven.execute(DefaultMaven.java:156) [maven-core-3.0.3.jar:3.0.3]
	at org.apache.maven.cli.MavenCli.execute(MavenCli.java:537) [maven-embedder-3.0.3.jar:3.0.3]
	at org.apache.maven.cli.MavenCli.doMain(MavenCli.java:196) [maven-embedder-3.0.3.jar:3.0.3]
	at org.apache.maven.cli.MavenCli.main(MavenCli.java:141) [maven-embedder-3.0.3.jar:3.0.3]
	at sun.reflect.NativeMethodAccessorImpl.invoke0(Native Method) ~[na:1.6.0_29]
	at sun.reflect.NativeMethodAccessorImpl.invoke(NativeMethodAccessorImpl.java:39) ~[na:1.6.0_29]
	at sun.reflect.DelegatingMethodAccessorImpl.invoke(DelegatingMethodAccessorImpl.java:25) ~[na:1.6.0_29]
	at java.lang.reflect.Method.invoke(Method.java:597) ~[na:1.6.0_29]
	at org.codehaus.plexus.classworlds.launcher.Launcher.launchEnhanced(Launcher.java:290) [plexus-classworlds-2.4.jar:na]
	at org.codehaus.plexus.classworlds.launcher.Launcher.launch(Launcher.java:230) [plexus-classworlds-2.4.jar:na]
	at org.codehaus.plexus.classworlds.launcher.Launcher.mainWithExitCode(Launcher.java:409) [plexus-classworlds-2.4.jar:na]
	at org.codehaus.plexus.classworlds.launcher.Launcher.main(Launcher.java:352) [plexus-classworlds-2.4.jar:na]
12:01:11.765 [main] INFO  jdbc.sqltiming - alter table ROLE_AUTH_MIDDLE drop constraint FK_ROLE_AUT_REFERENCE_ACCT_ROL  {executed in 79 msec}
12:01:11.791 [main] INFO  jdbc.sqltiming - alter table ROLE_AUTH_MIDDLE drop constraint FK_ROLE_AUT_REFERENCE_ACCT_AUT  {executed in 23 msec}
12:01:12.419 [main] INFO  jdbc.sqltiming - alter table ACCT_AUTHIRITY drop primary key cascade  {executed in 627 msec}
12:01:12.629 [main] INFO  jdbc.sqltiming - drop table ACCT_AUTHIRITY cascade constraints  {executed in 209 msec}
12:01:12.672 [main] INFO  jdbc.sqltiming - alter table ACCT_ROLE drop primary key cascade  {executed in 41 msec}
12:01:12.699 [main] INFO  jdbc.sqltiming - drop table ACCT_ROLE cascade constraints  {executed in 27 msec}
12:01:12.732 [main] INFO  jdbc.sqltiming - alter table ACC_USER drop primary key cascade  {executed in 32 msec}
12:01:12.760 [main] INFO  jdbc.sqltiming - drop table ACC_USER cascade constraints  {executed in 27 msec}
12:01:12.769 [main] ERROR jdbc.audit - 1. Statement.execute(  alter table ROLE_AUTH_MIDDLE drop primary key cascade)   alter table ROLE_AUTH_MIDDLE drop primary key cascade
java.sql.SQLException: ORA-02441: 无法删除不存在的主键

	at oracle.jdbc.driver.DatabaseError.throwSqlException(DatabaseError.java:112) ~[ojdbc14-10.3.0.0.jar:Oracle JDBC Driver version - "10.2.0.1.0"]
	at oracle.jdbc.driver.T4CTTIoer.processError(T4CTTIoer.java:331) ~[ojdbc14-10.3.0.0.jar:Oracle JDBC Driver version - "10.2.0.1.0"]
	at oracle.jdbc.driver.T4CTTIoer.processError(T4CTTIoer.java:288) ~[ojdbc14-10.3.0.0.jar:Oracle JDBC Driver version - "10.2.0.1.0"]
	at oracle.jdbc.driver.T4C8Oall.receive(T4C8Oall.java:743) ~[ojdbc14-10.3.0.0.jar:Oracle JDBC Driver version - "10.2.0.1.0"]
	at oracle.jdbc.driver.T4CStatement.doOall8(T4CStatement.java:207) ~[ojdbc14-10.3.0.0.jar:Oracle JDBC Driver version - "10.2.0.1.0"]
	at oracle.jdbc.driver.T4CStatement.executeForRows(T4CStatement.java:946) ~[ojdbc14-10.3.0.0.jar:Oracle JDBC Driver version - "10.2.0.1.0"]
	at oracle.jdbc.driver.OracleStatement.doExecuteWithTimeout(OracleStatement.java:1160) ~[ojdbc14-10.3.0.0.jar:Oracle JDBC Driver version - "10.2.0.1.0"]
	at oracle.jdbc.driver.OracleStatement.executeInternal(OracleStatement.java:1679) ~[ojdbc14-10.3.0.0.jar:Oracle JDBC Driver version - "10.2.0.1.0"]
	at oracle.jdbc.driver.OracleStatement.execute(OracleStatement.java:1645) ~[ojdbc14-10.3.0.0.jar:Oracle JDBC Driver version - "10.2.0.1.0"]
	at net.sf.log4jdbc.StatementSpy.execute(StatementSpy.java:839) ~[log4jdbc-remix-0.2.7.jar:na]
	at org.apache.tools.ant.taskdefs.SQLExec.execSQL(SQLExec.java:775) [ant-1.8.2.jar:na]
	at org.apache.tools.ant.taskdefs.SQLExec.runStatements(SQLExec.java:745) [ant-1.8.2.jar:na]
	at org.apache.tools.ant.taskdefs.SQLExec$Transaction.runTransaction(SQLExec.java:1055) [ant-1.8.2.jar:na]
	at org.apache.tools.ant.taskdefs.SQLExec$Transaction.access$000(SQLExec.java:985) [ant-1.8.2.jar:na]
	at org.apache.tools.ant.taskdefs.SQLExec.execute(SQLExec.java:653) [ant-1.8.2.jar:na]
	at org.apache.tools.ant.UnknownElement.execute(UnknownElement.java:291) [ant-1.8.2.jar:1.8.2]
	at sun.reflect.NativeMethodAccessorImpl.invoke0(Native Method) ~[na:1.6.0_29]
	at sun.reflect.NativeMethodAccessorImpl.invoke(NativeMethodAccessorImpl.java:39) ~[na:1.6.0_29]
	at sun.reflect.DelegatingMethodAccessorImpl.invoke(DelegatingMethodAccessorImpl.java:25) ~[na:1.6.0_29]
	at java.lang.reflect.Method.invoke(Method.java:597) ~[na:1.6.0_29]
	at org.apache.tools.ant.dispatch.DispatchUtils.execute(DispatchUtils.java:106) [ant-1.8.2.jar:na]
	at org.apache.tools.ant.Task.perform(Task.java:348) [ant-1.8.2.jar:1.8.2]
	at org.apache.tools.ant.Target.execute(Target.java:390) [ant-1.8.2.jar:1.8.2]
	at org.apache.tools.ant.Target.performTasks(Target.java:411) [ant-1.8.2.jar:1.8.2]
	at org.apache.tools.ant.Project.executeSortedTargets(Project.java:1399) [ant-1.8.2.jar:1.8.2]
	at org.apache.tools.ant.Project.executeTarget(Project.java:1368) [ant-1.8.2.jar:1.8.2]
	at org.apache.maven.plugin.antrun.AntRunMojo.execute(AntRunMojo.java:327) [maven-antrun-plugin-1.7.jar:1.7]
	at org.apache.maven.plugin.DefaultBuildPluginManager.executeMojo(DefaultBuildPluginManager.java:101) [maven-core-3.0.3.jar:3.0.3]
	at org.apache.maven.lifecycle.internal.MojoExecutor.execute(MojoExecutor.java:209) [maven-core-3.0.3.jar:3.0.3]
	at org.apache.maven.lifecycle.internal.MojoExecutor.execute(MojoExecutor.java:153) [maven-core-3.0.3.jar:3.0.3]
	at org.apache.maven.lifecycle.internal.MojoExecutor.execute(MojoExecutor.java:145) [maven-core-3.0.3.jar:3.0.3]
	at org.apache.maven.lifecycle.internal.LifecycleModuleBuilder.buildProject(LifecycleModuleBuilder.java:84) [maven-core-3.0.3.jar:3.0.3]
	at org.apache.maven.lifecycle.internal.LifecycleModuleBuilder.buildProject(LifecycleModuleBuilder.java:59) [maven-core-3.0.3.jar:3.0.3]
	at org.apache.maven.lifecycle.internal.LifecycleStarter.singleThreadedBuild(LifecycleStarter.java:183) [maven-core-3.0.3.jar:3.0.3]
	at org.apache.maven.lifecycle.internal.LifecycleStarter.execute(LifecycleStarter.java:161) [maven-core-3.0.3.jar:3.0.3]
	at org.apache.maven.DefaultMaven.doExecute(DefaultMaven.java:319) [maven-core-3.0.3.jar:3.0.3]
	at org.apache.maven.DefaultMaven.execute(DefaultMaven.java:156) [maven-core-3.0.3.jar:3.0.3]
	at org.apache.maven.cli.MavenCli.execute(MavenCli.java:537) [maven-embedder-3.0.3.jar:3.0.3]
	at org.apache.maven.cli.MavenCli.doMain(MavenCli.java:196) [maven-embedder-3.0.3.jar:3.0.3]
	at org.apache.maven.cli.MavenCli.main(MavenCli.java:141) [maven-embedder-3.0.3.jar:3.0.3]
	at sun.reflect.NativeMethodAccessorImpl.invoke0(Native Method) ~[na:1.6.0_29]
	at sun.reflect.NativeMethodAccessorImpl.invoke(NativeMethodAccessorImpl.java:39) ~[na:1.6.0_29]
	at sun.reflect.DelegatingMethodAccessorImpl.invoke(DelegatingMethodAccessorImpl.java:25) ~[na:1.6.0_29]
	at java.lang.reflect.Method.invoke(Method.java:597) ~[na:1.6.0_29]
	at org.codehaus.plexus.classworlds.launcher.Launcher.launchEnhanced(Launcher.java:290) [plexus-classworlds-2.4.jar:na]
	at org.codehaus.plexus.classworlds.launcher.Launcher.launch(Launcher.java:230) [plexus-classworlds-2.4.jar:na]
	at org.codehaus.plexus.classworlds.launcher.Launcher.mainWithExitCode(Launcher.java:409) [plexus-classworlds-2.4.jar:na]
	at org.codehaus.plexus.classworlds.launcher.Launcher.main(Launcher.java:352) [plexus-classworlds-2.4.jar:na]
12:01:12.784 [main] ERROR jdbc.sqlonly - 1. Statement.execute(  alter table ROLE_AUTH_MIDDLE drop primary key cascade)   alter table ROLE_AUTH_MIDDLE drop primary key cascade
java.sql.SQLException: ORA-02441: 无法删除不存在的主键

	at oracle.jdbc.driver.DatabaseError.throwSqlException(DatabaseError.java:112) ~[ojdbc14-10.3.0.0.jar:Oracle JDBC Driver version - "10.2.0.1.0"]
	at oracle.jdbc.driver.T4CTTIoer.processError(T4CTTIoer.java:331) ~[ojdbc14-10.3.0.0.jar:Oracle JDBC Driver version - "10.2.0.1.0"]
	at oracle.jdbc.driver.T4CTTIoer.processError(T4CTTIoer.java:288) ~[ojdbc14-10.3.0.0.jar:Oracle JDBC Driver version - "10.2.0.1.0"]
	at oracle.jdbc.driver.T4C8Oall.receive(T4C8Oall.java:743) ~[ojdbc14-10.3.0.0.jar:Oracle JDBC Driver version - "10.2.0.1.0"]
	at oracle.jdbc.driver.T4CStatement.doOall8(T4CStatement.java:207) ~[ojdbc14-10.3.0.0.jar:Oracle JDBC Driver version - "10.2.0.1.0"]
	at oracle.jdbc.driver.T4CStatement.executeForRows(T4CStatement.java:946) ~[ojdbc14-10.3.0.0.jar:Oracle JDBC Driver version - "10.2.0.1.0"]
	at oracle.jdbc.driver.OracleStatement.doExecuteWithTimeout(OracleStatement.java:1160) ~[ojdbc14-10.3.0.0.jar:Oracle JDBC Driver version - "10.2.0.1.0"]
	at oracle.jdbc.driver.OracleStatement.executeInternal(OracleStatement.java:1679) ~[ojdbc14-10.3.0.0.jar:Oracle JDBC Driver version - "10.2.0.1.0"]
	at oracle.jdbc.driver.OracleStatement.execute(OracleStatement.java:1645) ~[ojdbc14-10.3.0.0.jar:Oracle JDBC Driver version - "10.2.0.1.0"]
	at net.sf.log4jdbc.StatementSpy.execute(StatementSpy.java:839) ~[log4jdbc-remix-0.2.7.jar:na]
	at org.apache.tools.ant.taskdefs.SQLExec.execSQL(SQLExec.java:775) [ant-1.8.2.jar:na]
	at org.apache.tools.ant.taskdefs.SQLExec.runStatements(SQLExec.java:745) [ant-1.8.2.jar:na]
	at org.apache.tools.ant.taskdefs.SQLExec$Transaction.runTransaction(SQLExec.java:1055) [ant-1.8.2.jar:na]
	at org.apache.tools.ant.taskdefs.SQLExec$Transaction.access$000(SQLExec.java:985) [ant-1.8.2.jar:na]
	at org.apache.tools.ant.taskdefs.SQLExec.execute(SQLExec.java:653) [ant-1.8.2.jar:na]
	at org.apache.tools.ant.UnknownElement.execute(UnknownElement.java:291) [ant-1.8.2.jar:1.8.2]
	at sun.reflect.NativeMethodAccessorImpl.invoke0(Native Method) ~[na:1.6.0_29]
	at sun.reflect.NativeMethodAccessorImpl.invoke(NativeMethodAccessorImpl.java:39) ~[na:1.6.0_29]
	at sun.reflect.DelegatingMethodAccessorImpl.invoke(DelegatingMethodAccessorImpl.java:25) ~[na:1.6.0_29]
	at java.lang.reflect.Method.invoke(Method.java:597) ~[na:1.6.0_29]
	at org.apache.tools.ant.dispatch.DispatchUtils.execute(DispatchUtils.java:106) [ant-1.8.2.jar:na]
	at org.apache.tools.ant.Task.perform(Task.java:348) [ant-1.8.2.jar:1.8.2]
	at org.apache.tools.ant.Target.execute(Target.java:390) [ant-1.8.2.jar:1.8.2]
	at org.apache.tools.ant.Target.performTasks(Target.java:411) [ant-1.8.2.jar:1.8.2]
	at org.apache.tools.ant.Project.executeSortedTargets(Project.java:1399) [ant-1.8.2.jar:1.8.2]
	at org.apache.tools.ant.Project.executeTarget(Project.java:1368) [ant-1.8.2.jar:1.8.2]
	at org.apache.maven.plugin.antrun.AntRunMojo.execute(AntRunMojo.java:327) [maven-antrun-plugin-1.7.jar:1.7]
	at org.apache.maven.plugin.DefaultBuildPluginManager.executeMojo(DefaultBuildPluginManager.java:101) [maven-core-3.0.3.jar:3.0.3]
	at org.apache.maven.lifecycle.internal.MojoExecutor.execute(MojoExecutor.java:209) [maven-core-3.0.3.jar:3.0.3]
	at org.apache.maven.lifecycle.internal.MojoExecutor.execute(MojoExecutor.java:153) [maven-core-3.0.3.jar:3.0.3]
	at org.apache.maven.lifecycle.internal.MojoExecutor.execute(MojoExecutor.java:145) [maven-core-3.0.3.jar:3.0.3]
	at org.apache.maven.lifecycle.internal.LifecycleModuleBuilder.buildProject(LifecycleModuleBuilder.java:84) [maven-core-3.0.3.jar:3.0.3]
	at org.apache.maven.lifecycle.internal.LifecycleModuleBuilder.buildProject(LifecycleModuleBuilder.java:59) [maven-core-3.0.3.jar:3.0.3]
	at org.apache.maven.lifecycle.internal.LifecycleStarter.singleThreadedBuild(LifecycleStarter.java:183) [maven-core-3.0.3.jar:3.0.3]
	at org.apache.maven.lifecycle.internal.LifecycleStarter.execute(LifecycleStarter.java:161) [maven-core-3.0.3.jar:3.0.3]
	at org.apache.maven.DefaultMaven.doExecute(DefaultMaven.java:319) [maven-core-3.0.3.jar:3.0.3]
	at org.apache.maven.DefaultMaven.execute(DefaultMaven.java:156) [maven-core-3.0.3.jar:3.0.3]
	at org.apache.maven.cli.MavenCli.execute(MavenCli.java:537) [maven-embedder-3.0.3.jar:3.0.3]
	at org.apache.maven.cli.MavenCli.doMain(MavenCli.java:196) [maven-embedder-3.0.3.jar:3.0.3]
	at org.apache.maven.cli.MavenCli.main(MavenCli.java:141) [maven-embedder-3.0.3.jar:3.0.3]
	at sun.reflect.NativeMethodAccessorImpl.invoke0(Native Method) ~[na:1.6.0_29]
	at sun.reflect.NativeMethodAccessorImpl.invoke(NativeMethodAccessorImpl.java:39) ~[na:1.6.0_29]
	at sun.reflect.DelegatingMethodAccessorImpl.invoke(DelegatingMethodAccessorImpl.java:25) ~[na:1.6.0_29]
	at java.lang.reflect.Method.invoke(Method.java:597) ~[na:1.6.0_29]
	at org.codehaus.plexus.classworlds.launcher.Launcher.launchEnhanced(Launcher.java:290) [plexus-classworlds-2.4.jar:na]
	at org.codehaus.plexus.classworlds.launcher.Launcher.launch(Launcher.java:230) [plexus-classworlds-2.4.jar:na]
	at org.codehaus.plexus.classworlds.launcher.Launcher.mainWithExitCode(Launcher.java:409) [plexus-classworlds-2.4.jar:na]
	at org.codehaus.plexus.classworlds.launcher.Launcher.main(Launcher.java:352) [plexus-classworlds-2.4.jar:na]
12:01:12.798 [main] ERROR jdbc.sqltiming - 1. Statement.execute(  alter table ROLE_AUTH_MIDDLE drop primary key cascade) FAILED!   alter table ROLE_AUTH_MIDDLE drop primary key cascade {FAILED after 5 msec}
java.sql.SQLException: ORA-02441: 无法删除不存在的主键

	at oracle.jdbc.driver.DatabaseError.throwSqlException(DatabaseError.java:112) ~[ojdbc14-10.3.0.0.jar:Oracle JDBC Driver version - "10.2.0.1.0"]
	at oracle.jdbc.driver.T4CTTIoer.processError(T4CTTIoer.java:331) ~[ojdbc14-10.3.0.0.jar:Oracle JDBC Driver version - "10.2.0.1.0"]
	at oracle.jdbc.driver.T4CTTIoer.processError(T4CTTIoer.java:288) ~[ojdbc14-10.3.0.0.jar:Oracle JDBC Driver version - "10.2.0.1.0"]
	at oracle.jdbc.driver.T4C8Oall.receive(T4C8Oall.java:743) ~[ojdbc14-10.3.0.0.jar:Oracle JDBC Driver version - "10.2.0.1.0"]
	at oracle.jdbc.driver.T4CStatement.doOall8(T4CStatement.java:207) ~[ojdbc14-10.3.0.0.jar:Oracle JDBC Driver version - "10.2.0.1.0"]
	at oracle.jdbc.driver.T4CStatement.executeForRows(T4CStatement.java:946) ~[ojdbc14-10.3.0.0.jar:Oracle JDBC Driver version - "10.2.0.1.0"]
	at oracle.jdbc.driver.OracleStatement.doExecuteWithTimeout(OracleStatement.java:1160) ~[ojdbc14-10.3.0.0.jar:Oracle JDBC Driver version - "10.2.0.1.0"]
	at oracle.jdbc.driver.OracleStatement.executeInternal(OracleStatement.java:1679) ~[ojdbc14-10.3.0.0.jar:Oracle JDBC Driver version - "10.2.0.1.0"]
	at oracle.jdbc.driver.OracleStatement.execute(OracleStatement.java:1645) ~[ojdbc14-10.3.0.0.jar:Oracle JDBC Driver version - "10.2.0.1.0"]
	at net.sf.log4jdbc.StatementSpy.execute(StatementSpy.java:839) ~[log4jdbc-remix-0.2.7.jar:na]
	at org.apache.tools.ant.taskdefs.SQLExec.execSQL(SQLExec.java:775) [ant-1.8.2.jar:na]
	at org.apache.tools.ant.taskdefs.SQLExec.runStatements(SQLExec.java:745) [ant-1.8.2.jar:na]
	at org.apache.tools.ant.taskdefs.SQLExec$Transaction.runTransaction(SQLExec.java:1055) [ant-1.8.2.jar:na]
	at org.apache.tools.ant.taskdefs.SQLExec$Transaction.access$000(SQLExec.java:985) [ant-1.8.2.jar:na]
	at org.apache.tools.ant.taskdefs.SQLExec.execute(SQLExec.java:653) [ant-1.8.2.jar:na]
	at org.apache.tools.ant.UnknownElement.execute(UnknownElement.java:291) [ant-1.8.2.jar:1.8.2]
	at sun.reflect.NativeMethodAccessorImpl.invoke0(Native Method) ~[na:1.6.0_29]
	at sun.reflect.NativeMethodAccessorImpl.invoke(NativeMethodAccessorImpl.java:39) ~[na:1.6.0_29]
	at sun.reflect.DelegatingMethodAccessorImpl.invoke(DelegatingMethodAccessorImpl.java:25) ~[na:1.6.0_29]
	at java.lang.reflect.Method.invoke(Method.java:597) ~[na:1.6.0_29]
	at org.apache.tools.ant.dispatch.DispatchUtils.execute(DispatchUtils.java:106) [ant-1.8.2.jar:na]
	at org.apache.tools.ant.Task.perform(Task.java:348) [ant-1.8.2.jar:1.8.2]
	at org.apache.tools.ant.Target.execute(Target.java:390) [ant-1.8.2.jar:1.8.2]
	at org.apache.tools.ant.Target.performTasks(Target.java:411) [ant-1.8.2.jar:1.8.2]
	at org.apache.tools.ant.Project.executeSortedTargets(Project.java:1399) [ant-1.8.2.jar:1.8.2]
	at org.apache.tools.ant.Project.executeTarget(Project.java:1368) [ant-1.8.2.jar:1.8.2]
	at org.apache.maven.plugin.antrun.AntRunMojo.execute(AntRunMojo.java:327) [maven-antrun-plugin-1.7.jar:1.7]
	at org.apache.maven.plugin.DefaultBuildPluginManager.executeMojo(DefaultBuildPluginManager.java:101) [maven-core-3.0.3.jar:3.0.3]
	at org.apache.maven.lifecycle.internal.MojoExecutor.execute(MojoExecutor.java:209) [maven-core-3.0.3.jar:3.0.3]
	at org.apache.maven.lifecycle.internal.MojoExecutor.execute(MojoExecutor.java:153) [maven-core-3.0.3.jar:3.0.3]
	at org.apache.maven.lifecycle.internal.MojoExecutor.execute(MojoExecutor.java:145) [maven-core-3.0.3.jar:3.0.3]
	at org.apache.maven.lifecycle.internal.LifecycleModuleBuilder.buildProject(LifecycleModuleBuilder.java:84) [maven-core-3.0.3.jar:3.0.3]
	at org.apache.maven.lifecycle.internal.LifecycleModuleBuilder.buildProject(LifecycleModuleBuilder.java:59) [maven-core-3.0.3.jar:3.0.3]
	at org.apache.maven.lifecycle.internal.LifecycleStarter.singleThreadedBuild(LifecycleStarter.java:183) [maven-core-3.0.3.jar:3.0.3]
	at org.apache.maven.lifecycle.internal.LifecycleStarter.execute(LifecycleStarter.java:161) [maven-core-3.0.3.jar:3.0.3]
	at org.apache.maven.DefaultMaven.doExecute(DefaultMaven.java:319) [maven-core-3.0.3.jar:3.0.3]
	at org.apache.maven.DefaultMaven.execute(DefaultMaven.java:156) [maven-core-3.0.3.jar:3.0.3]
	at org.apache.maven.cli.MavenCli.execute(MavenCli.java:537) [maven-embedder-3.0.3.jar:3.0.3]
	at org.apache.maven.cli.MavenCli.doMain(MavenCli.java:196) [maven-embedder-3.0.3.jar:3.0.3]
	at org.apache.maven.cli.MavenCli.main(MavenCli.java:141) [maven-embedder-3.0.3.jar:3.0.3]
	at sun.reflect.NativeMethodAccessorImpl.invoke0(Native Method) ~[na:1.6.0_29]
	at sun.reflect.NativeMethodAccessorImpl.invoke(NativeMethodAccessorImpl.java:39) ~[na:1.6.0_29]
	at sun.reflect.DelegatingMethodAccessorImpl.invoke(DelegatingMethodAccessorImpl.java:25) ~[na:1.6.0_29]
	at java.lang.reflect.Method.invoke(Method.java:597) ~[na:1.6.0_29]
	at org.codehaus.plexus.classworlds.launcher.Launcher.launchEnhanced(Launcher.java:290) [plexus-classworlds-2.4.jar:na]
	at org.codehaus.plexus.classworlds.launcher.Launcher.launch(Launcher.java:230) [plexus-classworlds-2.4.jar:na]
	at org.codehaus.plexus.classworlds.launcher.Launcher.mainWithExitCode(Launcher.java:409) [plexus-classworlds-2.4.jar:na]
	at org.codehaus.plexus.classworlds.launcher.Launcher.main(Launcher.java:352) [plexus-classworlds-2.4.jar:na]
12:01:12.831 [main] INFO  jdbc.sqltiming - drop table ROLE_AUTH_MIDDLE cascade constraints  {executed in 20 msec}
12:01:13.059 [main] INFO  jdbc.sqltiming - drop sequence SEQ_AUTH  {executed in 228 msec}
12:01:13.070 [main] ERROR jdbc.audit - 1. Statement.execute(  drop sequence SEQ_AUTH_ROLE)   drop sequence SEQ_AUTH_ROLE
java.sql.SQLException: ORA-02289: 序列不存在

	at oracle.jdbc.driver.DatabaseError.throwSqlException(DatabaseError.java:112) ~[ojdbc14-10.3.0.0.jar:Oracle JDBC Driver version - "10.2.0.1.0"]
	at oracle.jdbc.driver.T4CTTIoer.processError(T4CTTIoer.java:331) ~[ojdbc14-10.3.0.0.jar:Oracle JDBC Driver version - "10.2.0.1.0"]
	at oracle.jdbc.driver.T4CTTIoer.processError(T4CTTIoer.java:288) ~[ojdbc14-10.3.0.0.jar:Oracle JDBC Driver version - "10.2.0.1.0"]
	at oracle.jdbc.driver.T4C8Oall.receive(T4C8Oall.java:743) ~[ojdbc14-10.3.0.0.jar:Oracle JDBC Driver version - "10.2.0.1.0"]
	at oracle.jdbc.driver.T4CStatement.doOall8(T4CStatement.java:207) ~[ojdbc14-10.3.0.0.jar:Oracle JDBC Driver version - "10.2.0.1.0"]
	at oracle.jdbc.driver.T4CStatement.executeForRows(T4CStatement.java:946) ~[ojdbc14-10.3.0.0.jar:Oracle JDBC Driver version - "10.2.0.1.0"]
	at oracle.jdbc.driver.OracleStatement.doExecuteWithTimeout(OracleStatement.java:1160) ~[ojdbc14-10.3.0.0.jar:Oracle JDBC Driver version - "10.2.0.1.0"]
	at oracle.jdbc.driver.OracleStatement.executeInternal(OracleStatement.java:1679) ~[ojdbc14-10.3.0.0.jar:Oracle JDBC Driver version - "10.2.0.1.0"]
	at oracle.jdbc.driver.OracleStatement.execute(OracleStatement.java:1645) ~[ojdbc14-10.3.0.0.jar:Oracle JDBC Driver version - "10.2.0.1.0"]
	at net.sf.log4jdbc.StatementSpy.execute(StatementSpy.java:839) ~[log4jdbc-remix-0.2.7.jar:na]
	at org.apache.tools.ant.taskdefs.SQLExec.execSQL(SQLExec.java:775) [ant-1.8.2.jar:na]
	at org.apache.tools.ant.taskdefs.SQLExec.runStatements(SQLExec.java:745) [ant-1.8.2.jar:na]
	at org.apache.tools.ant.taskdefs.SQLExec$Transaction.runTransaction(SQLExec.java:1055) [ant-1.8.2.jar:na]
	at org.apache.tools.ant.taskdefs.SQLExec$Transaction.access$000(SQLExec.java:985) [ant-1.8.2.jar:na]
	at org.apache.tools.ant.taskdefs.SQLExec.execute(SQLExec.java:653) [ant-1.8.2.jar:na]
	at org.apache.tools.ant.UnknownElement.execute(UnknownElement.java:291) [ant-1.8.2.jar:1.8.2]
	at sun.reflect.NativeMethodAccessorImpl.invoke0(Native Method) ~[na:1.6.0_29]
	at sun.reflect.NativeMethodAccessorImpl.invoke(NativeMethodAccessorImpl.java:39) ~[na:1.6.0_29]
	at sun.reflect.DelegatingMethodAccessorImpl.invoke(DelegatingMethodAccessorImpl.java:25) ~[na:1.6.0_29]
	at java.lang.reflect.Method.invoke(Method.java:597) ~[na:1.6.0_29]
	at org.apache.tools.ant.dispatch.DispatchUtils.execute(DispatchUtils.java:106) [ant-1.8.2.jar:na]
	at org.apache.tools.ant.Task.perform(Task.java:348) [ant-1.8.2.jar:1.8.2]
	at org.apache.tools.ant.Target.execute(Target.java:390) [ant-1.8.2.jar:1.8.2]
	at org.apache.tools.ant.Target.performTasks(Target.java:411) [ant-1.8.2.jar:1.8.2]
	at org.apache.tools.ant.Project.executeSortedTargets(Project.java:1399) [ant-1.8.2.jar:1.8.2]
	at org.apache.tools.ant.Project.executeTarget(Project.java:1368) [ant-1.8.2.jar:1.8.2]
	at org.apache.maven.plugin.antrun.AntRunMojo.execute(AntRunMojo.java:327) [maven-antrun-plugin-1.7.jar:1.7]
	at org.apache.maven.plugin.DefaultBuildPluginManager.executeMojo(DefaultBuildPluginManager.java:101) [maven-core-3.0.3.jar:3.0.3]
	at org.apache.maven.lifecycle.internal.MojoExecutor.execute(MojoExecutor.java:209) [maven-core-3.0.3.jar:3.0.3]
	at org.apache.maven.lifecycle.internal.MojoExecutor.execute(MojoExecutor.java:153) [maven-core-3.0.3.jar:3.0.3]
	at org.apache.maven.lifecycle.internal.MojoExecutor.execute(MojoExecutor.java:145) [maven-core-3.0.3.jar:3.0.3]
	at org.apache.maven.lifecycle.internal.LifecycleModuleBuilder.buildProject(LifecycleModuleBuilder.java:84) [maven-core-3.0.3.jar:3.0.3]
	at org.apache.maven.lifecycle.internal.LifecycleModuleBuilder.buildProject(LifecycleModuleBuilder.java:59) [maven-core-3.0.3.jar:3.0.3]
	at org.apache.maven.lifecycle.internal.LifecycleStarter.singleThreadedBuild(LifecycleStarter.java:183) [maven-core-3.0.3.jar:3.0.3]
	at org.apache.maven.lifecycle.internal.LifecycleStarter.execute(LifecycleStarter.java:161) [maven-core-3.0.3.jar:3.0.3]
	at org.apache.maven.DefaultMaven.doExecute(DefaultMaven.java:319) [maven-core-3.0.3.jar:3.0.3]
	at org.apache.maven.DefaultMaven.execute(DefaultMaven.java:156) [maven-core-3.0.3.jar:3.0.3]
	at org.apache.maven.cli.MavenCli.execute(MavenCli.java:537) [maven-embedder-3.0.3.jar:3.0.3]
	at org.apache.maven.cli.MavenCli.doMain(MavenCli.java:196) [maven-embedder-3.0.3.jar:3.0.3]
	at org.apache.maven.cli.MavenCli.main(MavenCli.java:141) [maven-embedder-3.0.3.jar:3.0.3]
	at sun.reflect.NativeMethodAccessorImpl.invoke0(Native Method) ~[na:1.6.0_29]
	at sun.reflect.NativeMethodAccessorImpl.invoke(NativeMethodAccessorImpl.java:39) ~[na:1.6.0_29]
	at sun.reflect.DelegatingMethodAccessorImpl.invoke(DelegatingMethodAccessorImpl.java:25) ~[na:1.6.0_29]
	at java.lang.reflect.Method.invoke(Method.java:597) ~[na:1.6.0_29]
	at org.codehaus.plexus.classworlds.launcher.Launcher.launchEnhanced(Launcher.java:290) [plexus-classworlds-2.4.jar:na]
	at org.codehaus.plexus.classworlds.launcher.Launcher.launch(Launcher.java:230) [plexus-classworlds-2.4.jar:na]
	at org.codehaus.plexus.classworlds.launcher.Launcher.mainWithExitCode(Launcher.java:409) [plexus-classworlds-2.4.jar:na]
	at org.codehaus.plexus.classworlds.launcher.Launcher.main(Launcher.java:352) [plexus-classworlds-2.4.jar:na]
12:01:13.085 [main] ERROR jdbc.sqlonly - 1. Statement.execute(  drop sequence SEQ_AUTH_ROLE)   drop sequence SEQ_AUTH_ROLE
java.sql.SQLException: ORA-02289: 序列不存在

	at oracle.jdbc.driver.DatabaseError.throwSqlException(DatabaseError.java:112) ~[ojdbc14-10.3.0.0.jar:Oracle JDBC Driver version - "10.2.0.1.0"]
	at oracle.jdbc.driver.T4CTTIoer.processError(T4CTTIoer.java:331) ~[ojdbc14-10.3.0.0.jar:Oracle JDBC Driver version - "10.2.0.1.0"]
	at oracle.jdbc.driver.T4CTTIoer.processError(T4CTTIoer.java:288) ~[ojdbc14-10.3.0.0.jar:Oracle JDBC Driver version - "10.2.0.1.0"]
	at oracle.jdbc.driver.T4C8Oall.receive(T4C8Oall.java:743) ~[ojdbc14-10.3.0.0.jar:Oracle JDBC Driver version - "10.2.0.1.0"]
	at oracle.jdbc.driver.T4CStatement.doOall8(T4CStatement.java:207) ~[ojdbc14-10.3.0.0.jar:Oracle JDBC Driver version - "10.2.0.1.0"]
	at oracle.jdbc.driver.T4CStatement.executeForRows(T4CStatement.java:946) ~[ojdbc14-10.3.0.0.jar:Oracle JDBC Driver version - "10.2.0.1.0"]
	at oracle.jdbc.driver.OracleStatement.doExecuteWithTimeout(OracleStatement.java:1160) ~[ojdbc14-10.3.0.0.jar:Oracle JDBC Driver version - "10.2.0.1.0"]
	at oracle.jdbc.driver.OracleStatement.executeInternal(OracleStatement.java:1679) ~[ojdbc14-10.3.0.0.jar:Oracle JDBC Driver version - "10.2.0.1.0"]
	at oracle.jdbc.driver.OracleStatement.execute(OracleStatement.java:1645) ~[ojdbc14-10.3.0.0.jar:Oracle JDBC Driver version - "10.2.0.1.0"]
	at net.sf.log4jdbc.StatementSpy.execute(StatementSpy.java:839) ~[log4jdbc-remix-0.2.7.jar:na]
	at org.apache.tools.ant.taskdefs.SQLExec.execSQL(SQLExec.java:775) [ant-1.8.2.jar:na]
	at org.apache.tools.ant.taskdefs.SQLExec.runStatements(SQLExec.java:745) [ant-1.8.2.jar:na]
	at org.apache.tools.ant.taskdefs.SQLExec$Transaction.runTransaction(SQLExec.java:1055) [ant-1.8.2.jar:na]
	at org.apache.tools.ant.taskdefs.SQLExec$Transaction.access$000(SQLExec.java:985) [ant-1.8.2.jar:na]
	at org.apache.tools.ant.taskdefs.SQLExec.execute(SQLExec.java:653) [ant-1.8.2.jar:na]
	at org.apache.tools.ant.UnknownElement.execute(UnknownElement.java:291) [ant-1.8.2.jar:1.8.2]
	at sun.reflect.NativeMethodAccessorImpl.invoke0(Native Method) ~[na:1.6.0_29]
	at sun.reflect.NativeMethodAccessorImpl.invoke(NativeMethodAccessorImpl.java:39) ~[na:1.6.0_29]
	at sun.reflect.DelegatingMethodAccessorImpl.invoke(DelegatingMethodAccessorImpl.java:25) ~[na:1.6.0_29]
	at java.lang.reflect.Method.invoke(Method.java:597) ~[na:1.6.0_29]
	at org.apache.tools.ant.dispatch.DispatchUtils.execute(DispatchUtils.java:106) [ant-1.8.2.jar:na]
	at org.apache.tools.ant.Task.perform(Task.java:348) [ant-1.8.2.jar:1.8.2]
	at org.apache.tools.ant.Target.execute(Target.java:390) [ant-1.8.2.jar:1.8.2]
	at org.apache.tools.ant.Target.performTasks(Target.java:411) [ant-1.8.2.jar:1.8.2]
	at org.apache.tools.ant.Project.executeSortedTargets(Project.java:1399) [ant-1.8.2.jar:1.8.2]
	at org.apache.tools.ant.Project.executeTarget(Project.java:1368) [ant-1.8.2.jar:1.8.2]
	at org.apache.maven.plugin.antrun.AntRunMojo.execute(AntRunMojo.java:327) [maven-antrun-plugin-1.7.jar:1.7]
	at org.apache.maven.plugin.DefaultBuildPluginManager.executeMojo(DefaultBuildPluginManager.java:101) [maven-core-3.0.3.jar:3.0.3]
	at org.apache.maven.lifecycle.internal.MojoExecutor.execute(MojoExecutor.java:209) [maven-core-3.0.3.jar:3.0.3]
	at org.apache.maven.lifecycle.internal.MojoExecutor.execute(MojoExecutor.java:153) [maven-core-3.0.3.jar:3.0.3]
	at org.apache.maven.lifecycle.internal.MojoExecutor.execute(MojoExecutor.java:145) [maven-core-3.0.3.jar:3.0.3]
	at org.apache.maven.lifecycle.internal.LifecycleModuleBuilder.buildProject(LifecycleModuleBuilder.java:84) [maven-core-3.0.3.jar:3.0.3]
	at org.apache.maven.lifecycle.internal.LifecycleModuleBuilder.buildProject(LifecycleModuleBuilder.java:59) [maven-core-3.0.3.jar:3.0.3]
	at org.apache.maven.lifecycle.internal.LifecycleStarter.singleThreadedBuild(LifecycleStarter.java:183) [maven-core-3.0.3.jar:3.0.3]
	at org.apache.maven.lifecycle.internal.LifecycleStarter.execute(LifecycleStarter.java:161) [maven-core-3.0.3.jar:3.0.3]
	at org.apache.maven.DefaultMaven.doExecute(DefaultMaven.java:319) [maven-core-3.0.3.jar:3.0.3]
	at org.apache.maven.DefaultMaven.execute(DefaultMaven.java:156) [maven-core-3.0.3.jar:3.0.3]
	at org.apache.maven.cli.MavenCli.execute(MavenCli.java:537) [maven-embedder-3.0.3.jar:3.0.3]
	at org.apache.maven.cli.MavenCli.doMain(MavenCli.java:196) [maven-embedder-3.0.3.jar:3.0.3]
	at org.apache.maven.cli.MavenCli.main(MavenCli.java:141) [maven-embedder-3.0.3.jar:3.0.3]
	at sun.reflect.NativeMethodAccessorImpl.invoke0(Native Method) ~[na:1.6.0_29]
	at sun.reflect.NativeMethodAccessorImpl.invoke(NativeMethodAccessorImpl.java:39) ~[na:1.6.0_29]
	at sun.reflect.DelegatingMethodAccessorImpl.invoke(DelegatingMethodAccessorImpl.java:25) ~[na:1.6.0_29]
	at java.lang.reflect.Method.invoke(Method.java:597) ~[na:1.6.0_29]
	at org.codehaus.plexus.classworlds.launcher.Launcher.launchEnhanced(Launcher.java:290) [plexus-classworlds-2.4.jar:na]
	at org.codehaus.plexus.classworlds.launcher.Launcher.launch(Launcher.java:230) [plexus-classworlds-2.4.jar:na]
	at org.codehaus.plexus.classworlds.launcher.Launcher.mainWithExitCode(Launcher.java:409) [plexus-classworlds-2.4.jar:na]
	at org.codehaus.plexus.classworlds.launcher.Launcher.main(Launcher.java:352) [plexus-classworlds-2.4.jar:na]
12:01:13.099 [main] ERROR jdbc.sqltiming - 1. Statement.execute(  drop sequence SEQ_AUTH_ROLE) FAILED!   drop sequence SEQ_AUTH_ROLE {FAILED after 7 msec}
java.sql.SQLException: ORA-02289: 序列不存在

	at oracle.jdbc.driver.DatabaseError.throwSqlException(DatabaseError.java:112) ~[ojdbc14-10.3.0.0.jar:Oracle JDBC Driver version - "10.2.0.1.0"]
	at oracle.jdbc.driver.T4CTTIoer.processError(T4CTTIoer.java:331) ~[ojdbc14-10.3.0.0.jar:Oracle JDBC Driver version - "10.2.0.1.0"]
	at oracle.jdbc.driver.T4CTTIoer.processError(T4CTTIoer.java:288) ~[ojdbc14-10.3.0.0.jar:Oracle JDBC Driver version - "10.2.0.1.0"]
	at oracle.jdbc.driver.T4C8Oall.receive(T4C8Oall.java:743) ~[ojdbc14-10.3.0.0.jar:Oracle JDBC Driver version - "10.2.0.1.0"]
	at oracle.jdbc.driver.T4CStatement.doOall8(T4CStatement.java:207) ~[ojdbc14-10.3.0.0.jar:Oracle JDBC Driver version - "10.2.0.1.0"]
	at oracle.jdbc.driver.T4CStatement.executeForRows(T4CStatement.java:946) ~[ojdbc14-10.3.0.0.jar:Oracle JDBC Driver version - "10.2.0.1.0"]
	at oracle.jdbc.driver.OracleStatement.doExecuteWithTimeout(OracleStatement.java:1160) ~[ojdbc14-10.3.0.0.jar:Oracle JDBC Driver version - "10.2.0.1.0"]
	at oracle.jdbc.driver.OracleStatement.executeInternal(OracleStatement.java:1679) ~[ojdbc14-10.3.0.0.jar:Oracle JDBC Driver version - "10.2.0.1.0"]
	at oracle.jdbc.driver.OracleStatement.execute(OracleStatement.java:1645) ~[ojdbc14-10.3.0.0.jar:Oracle JDBC Driver version - "10.2.0.1.0"]
	at net.sf.log4jdbc.StatementSpy.execute(StatementSpy.java:839) ~[log4jdbc-remix-0.2.7.jar:na]
	at org.apache.tools.ant.taskdefs.SQLExec.execSQL(SQLExec.java:775) [ant-1.8.2.jar:na]
	at org.apache.tools.ant.taskdefs.SQLExec.runStatements(SQLExec.java:745) [ant-1.8.2.jar:na]
	at org.apache.tools.ant.taskdefs.SQLExec$Transaction.runTransaction(SQLExec.java:1055) [ant-1.8.2.jar:na]
	at org.apache.tools.ant.taskdefs.SQLExec$Transaction.access$000(SQLExec.java:985) [ant-1.8.2.jar:na]
	at org.apache.tools.ant.taskdefs.SQLExec.execute(SQLExec.java:653) [ant-1.8.2.jar:na]
	at org.apache.tools.ant.UnknownElement.execute(UnknownElement.java:291) [ant-1.8.2.jar:1.8.2]
	at sun.reflect.NativeMethodAccessorImpl.invoke0(Native Method) ~[na:1.6.0_29]
	at sun.reflect.NativeMethodAccessorImpl.invoke(NativeMethodAccessorImpl.java:39) ~[na:1.6.0_29]
	at sun.reflect.DelegatingMethodAccessorImpl.invoke(DelegatingMethodAccessorImpl.java:25) ~[na:1.6.0_29]
	at java.lang.reflect.Method.invoke(Method.java:597) ~[na:1.6.0_29]
	at org.apache.tools.ant.dispatch.DispatchUtils.execute(DispatchUtils.java:106) [ant-1.8.2.jar:na]
	at org.apache.tools.ant.Task.perform(Task.java:348) [ant-1.8.2.jar:1.8.2]
	at org.apache.tools.ant.Target.execute(Target.java:390) [ant-1.8.2.jar:1.8.2]
	at org.apache.tools.ant.Target.performTasks(Target.java:411) [ant-1.8.2.jar:1.8.2]
	at org.apache.tools.ant.Project.executeSortedTargets(Project.java:1399) [ant-1.8.2.jar:1.8.2]
	at org.apache.tools.ant.Project.executeTarget(Project.java:1368) [ant-1.8.2.jar:1.8.2]
	at org.apache.maven.plugin.antrun.AntRunMojo.execute(AntRunMojo.java:327) [maven-antrun-plugin-1.7.jar:1.7]
	at org.apache.maven.plugin.DefaultBuildPluginManager.executeMojo(DefaultBuildPluginManager.java:101) [maven-core-3.0.3.jar:3.0.3]
	at org.apache.maven.lifecycle.internal.MojoExecutor.execute(MojoExecutor.java:209) [maven-core-3.0.3.jar:3.0.3]
	at org.apache.maven.lifecycle.internal.MojoExecutor.execute(MojoExecutor.java:153) [maven-core-3.0.3.jar:3.0.3]
	at org.apache.maven.lifecycle.internal.MojoExecutor.execute(MojoExecutor.java:145) [maven-core-3.0.3.jar:3.0.3]
	at org.apache.maven.lifecycle.internal.LifecycleModuleBuilder.buildProject(LifecycleModuleBuilder.java:84) [maven-core-3.0.3.jar:3.0.3]
	at org.apache.maven.lifecycle.internal.LifecycleModuleBuilder.buildProject(LifecycleModuleBuilder.java:59) [maven-core-3.0.3.jar:3.0.3]
	at org.apache.maven.lifecycle.internal.LifecycleStarter.singleThreadedBuild(LifecycleStarter.java:183) [maven-core-3.0.3.jar:3.0.3]
	at org.apache.maven.lifecycle.internal.LifecycleStarter.execute(LifecycleStarter.java:161) [maven-core-3.0.3.jar:3.0.3]
	at org.apache.maven.DefaultMaven.doExecute(DefaultMaven.java:319) [maven-core-3.0.3.jar:3.0.3]
	at org.apache.maven.DefaultMaven.execute(DefaultMaven.java:156) [maven-core-3.0.3.jar:3.0.3]
	at org.apache.maven.cli.MavenCli.execute(MavenCli.java:537) [maven-embedder-3.0.3.jar:3.0.3]
	at org.apache.maven.cli.MavenCli.doMain(MavenCli.java:196) [maven-embedder-3.0.3.jar:3.0.3]
	at org.apache.maven.cli.MavenCli.main(MavenCli.java:141) [maven-embedder-3.0.3.jar:3.0.3]
	at sun.reflect.NativeMethodAccessorImpl.invoke0(Native Method) ~[na:1.6.0_29]
	at sun.reflect.NativeMethodAccessorImpl.invoke(NativeMethodAccessorImpl.java:39) ~[na:1.6.0_29]
	at sun.reflect.DelegatingMethodAccessorImpl.invoke(DelegatingMethodAccessorImpl.java:25) ~[na:1.6.0_29]
	at java.lang.reflect.Method.invoke(Method.java:597) ~[na:1.6.0_29]
	at org.codehaus.plexus.classworlds.launcher.Launcher.launchEnhanced(Launcher.java:290) [plexus-classworlds-2.4.jar:na]
	at org.codehaus.plexus.classworlds.launcher.Launcher.launch(Launcher.java:230) [plexus-classworlds-2.4.jar:na]
	at org.codehaus.plexus.classworlds.launcher.Launcher.mainWithExitCode(Launcher.java:409) [plexus-classworlds-2.4.jar:na]
	at org.codehaus.plexus.classworlds.launcher.Launcher.main(Launcher.java:352) [plexus-classworlds-2.4.jar:na]
12:01:13.121 [main] INFO  jdbc.sqltiming - drop sequence SEQ_ROLE  {executed in 11 msec}
12:01:13.132 [main] INFO  jdbc.sqltiming - drop sequence SEQ_USER  {executed in 10 msec}
12:01:13.144 [main] INFO  jdbc.sqltiming - create sequence SEQ_AUTH increment by 1 start with 50  {executed in 11 msec}
12:01:13.150 [main] INFO  jdbc.sqltiming - create sequence SEQ_AUTH_ROLE increment by 1 start with 50  {executed in 5 msec}
12:01:13.155 [main] INFO  jdbc.sqltiming - create sequence SEQ_ROLE increment by 1 start with 50  {executed in 5 msec}
12:01:13.159 [main] INFO  jdbc.sqltiming - create sequence SEQ_USER increment by 1 start with 50  {executed in 4 msec}
12:01:13.219 [main] INFO  jdbc.sqltiming - /*==============================================================*/ /* Table: ACCT_AUTHIRITY 
*/ /*==============================================================*/ create table ACCT_AUTHIRITY 
( ID NUMBER(19) not null, AUTH_NAME VARCHAR2(30) not null, AUTH_CODE VARCHAR2(30) not null 
)  {executed in 59 msec}
12:01:13.302 [main] INFO  jdbc.sqltiming - comment on table ACCT_AUTHIRITY is '权限表'  {executed in 82 msec}
12:01:13.308 [main] INFO  jdbc.sqltiming - comment on column ACCT_AUTHIRITY.ID is 'ID'  {executed in 5 msec}
12:01:13.312 [main] INFO  jdbc.sqltiming - comment on column ACCT_AUTHIRITY.AUTH_NAME is '权限名称'  {executed in 4 msec}
12:01:13.317 [main] INFO  jdbc.sqltiming - comment on column ACCT_AUTHIRITY.AUTH_CODE is '权限代码'  {executed in 4 msec}
12:01:13.343 [main] INFO  jdbc.sqltiming - alter table ACCT_AUTHIRITY add constraint PK_ACCT_AUTHIRITY primary key (ID)  {executed in 25 msec}
12:01:13.355 [main] INFO  jdbc.sqltiming - /*==============================================================*/ /* Table: ACCT_ROLE */ /*==============================================================*/ 
create table ACCT_ROLE ( ID NUMBER(19) not null, ROLE_NAME varchar2(20) not null )  {executed in 11 msec}
12:01:13.359 [main] INFO  jdbc.sqltiming - comment on table ACCT_ROLE is '角色表'  {executed in 3 msec}
12:01:13.365 [main] INFO  jdbc.sqltiming - comment on column ACCT_ROLE.ID is 'ID'  {executed in 4 msec}
12:01:13.369 [main] INFO  jdbc.sqltiming - comment on column ACCT_ROLE.ROLE_NAME is '角色名'  {executed in 3 msec}
12:01:13.385 [main] INFO  jdbc.sqltiming - alter table ACCT_ROLE add constraint PK_ACCT_ROLE primary key (ID)  {executed in 15 msec}
12:01:13.398 [main] INFO  jdbc.sqltiming - /*==============================================================*/ /* Table: ACC_USER */ /*==============================================================*/ 
create table ACC_USER ( ID NUMBER(19) not null, LOG_NAME varchar2(20) not null, PWD varchar2(30), 
NAME varchar2(20), SALT VARCHAR2(40), CARETE_DATE TIMESTAMP, ROLE_ID NUMBER(19) )  {executed in 12 msec}
12:01:13.403 [main] INFO  jdbc.sqltiming - comment on table ACC_USER is '用户'  {executed in 3 msec}
12:01:13.409 [main] INFO  jdbc.sqltiming - comment on column ACC_USER.ID is 'ID'  {executed in 4 msec}
12:01:13.413 [main] INFO  jdbc.sqltiming - comment on column ACC_USER.LOG_NAME is '用户名'  {executed in 4 msec}
12:01:13.417 [main] INFO  jdbc.sqltiming - comment on column ACC_USER.PWD is '密码'  {executed in 3 msec}
12:01:13.423 [main] INFO  jdbc.sqltiming - comment on column ACC_USER.NAME is '姓名'  {executed in 4 msec}
12:01:13.427 [main] INFO  jdbc.sqltiming - comment on column ACC_USER.SALT is 'SALT'  {executed in 3 msec}
12:01:13.432 [main] INFO  jdbc.sqltiming - comment on column ACC_USER.CARETE_DATE is '注册日期'  {executed in 4 msec}
12:01:13.436 [main] INFO  jdbc.sqltiming - comment on column ACC_USER.ROLE_ID is '角色ID'  {executed in 4 msec}
12:01:13.451 [main] INFO  jdbc.sqltiming - alter table ACC_USER add constraint PK_ACC_USER primary key (ID)  {executed in 14 msec}
12:01:13.462 [main] INFO  jdbc.sqltiming - /*==============================================================*/ /* Table: ROLE_AUTH_MIDDLE 
*/ /*==============================================================*/ create table ROLE_AUTH_MIDDLE 
( ID NUMBER(19) not null, ROLE_ID NUMBER(19), AUTH_ID NUMBER(19) )  {executed in 10 msec}
12:01:13.467 [main] INFO  jdbc.sqltiming - comment on table ROLE_AUTH_MIDDLE is '角色权限中间表'  {executed in 4 msec}
12:01:13.472 [main] INFO  jdbc.sqltiming - comment on column ROLE_AUTH_MIDDLE.ID is 'ID'  {executed in 4 msec}
12:01:13.477 [main] INFO  jdbc.sqltiming - comment on column ROLE_AUTH_MIDDLE.ROLE_ID is '角色id'  {executed in 4 msec}
12:01:13.482 [main] INFO  jdbc.sqltiming - comment on column ROLE_AUTH_MIDDLE.AUTH_ID is '权限id'  {executed in 4 msec}
12:01:13.497 [main] INFO  jdbc.sqltiming - alter table ROLE_AUTH_MIDDLE add constraint PK_ROLE_AUTH_MIDDLE primary key (ID)  {executed in 14 msec}
12:01:13.514 [main] INFO  jdbc.sqltiming - alter table ACC_USER add constraint FK_ACC_USER_REFERENCE_ACCT_ROL foreign key (ROLE_ID) references 
ACCT_ROLE (ID)  {executed in 16 msec}
12:01:13.530 [main] INFO  jdbc.sqltiming - alter table ROLE_AUTH_MIDDLE add constraint FK_ROLE_AUT_REFERENCE_ACCT_ROL foreign key (ROLE_ID) 
references ACCT_ROLE (ID)  {executed in 15 msec}
12:01:13.547 [main] INFO  jdbc.sqltiming - alter table ROLE_AUTH_MIDDLE add constraint FK_ROLE_AUT_REFERENCE_ACCT_AUT foreign key (AUTH_ID) 
references ACCT_AUTHIRITY (ID)  {executed in 16 msec}
